{"/home/sohone/Lab/interviews/technical-test/src/config/helper.ts": {"path":"/home/sohone/Lab/interviews/technical-test/src/config/helper.ts","statementMap":{"0":{"start":{"line":3,"column":21},"end":{"line":10,"column":1}},"1":{"start":{"line":5,"column":14},"end":{"line":5,"column":16}},"2":{"start":{"line":7,"column":4},"end":{"line":7,"column":52}},"3":{"start":{"line":7,"column":14},"end":{"line":7,"column":19}},"4":{"start":{"line":7,"column":33},"end":{"line":7,"column":52}},"5":{"start":{"line":9,"column":4},"end":{"line":9,"column":23}},"6":{"start":{"line":12,"column":22},"end":{"line":19,"column":1}},"7":{"start":{"line":14,"column":14},"end":{"line":14,"column":16}},"8":{"start":{"line":16,"column":4},"end":{"line":16,"column":53}},"9":{"start":{"line":16,"column":14},"end":{"line":16,"column":15}},"10":{"start":{"line":16,"column":38},"end":{"line":16,"column":53}},"11":{"start":{"line":18,"column":4},"end":{"line":18,"column":23}},"12":{"start":{"line":21,"column":18},"end":{"line":24,"column":null}},"13":{"start":{"line":26,"column":0},"end":{"line":26,"column":26}}},"fnMap":{"0":{"name":"(anonymous_0)","decl":{"start":{"line":3,"column":21},"end":{"line":3,"column":22}},"loc":{"start":{"line":3,"column":67},"end":{"line":10,"column":1}}},"1":{"name":"(anonymous_1)","decl":{"start":{"line":12,"column":22},"end":{"line":12,"column":23}},"loc":{"start":{"line":12,"column":43},"end":{"line":19,"column":1}}}},"branchMap":{},"s":{"0":1,"1":9,"2":9,"3":9,"4":110,"5":9,"6":1,"7":0,"8":0,"9":0,"10":0,"11":0,"12":1,"13":1},"f":{"0":9,"1":0},"b":{}}
,"/home/sohone/Lab/interviews/technical-test/src/config/utils.ts": {"path":"/home/sohone/Lab/interviews/technical-test/src/config/utils.ts","statementMap":{"0":{"start":{"line":1,"column":0},"end":{"line":1,"column":33}},"1":{"start":{"line":3,"column":0},"end":{"line":3,"column":16}},"2":{"start":{"line":5,"column":12},"end":{"line":11,"column":2}},"3":{"start":{"line":13,"column":0},"end":{"line":13,"column":19}}},"fnMap":{},"branchMap":{"0":{"loc":{"start":{"line":6,"column":16},"end":{"line":6,"column":38}},"type":"binary-expr","locations":[{"start":{"line":6,"column":16},"end":{"line":6,"column":38}},{"start":{"line":6,"column":42},"end":{"line":6,"column":44}}]},"1":{"loc":{"start":{"line":7,"column":19},"end":{"line":7,"column":44}},"type":"binary-expr","locations":[{"start":{"line":7,"column":19},"end":{"line":7,"column":44}},{"start":{"line":7,"column":48},"end":{"line":7,"column":53}}]},"2":{"loc":{"start":{"line":8,"column":10},"end":{"line":8,"column":26}},"type":"binary-expr","locations":[{"start":{"line":8,"column":10},"end":{"line":8,"column":26}},{"start":{"line":8,"column":30},"end":{"line":8,"column":34}}]},"3":{"loc":{"start":{"line":9,"column":16},"end":{"line":9,"column":38}},"type":"binary-expr","locations":[{"start":{"line":9,"column":16},"end":{"line":9,"column":38}},{"start":{"line":9,"column":42},"end":{"line":9,"column":50}}]}},"s":{"0":2,"1":2,"2":2,"3":2},"f":{},"b":{"0":[2,0],"1":[2,0],"2":[2,0],"3":[2,0]}}
,"/home/sohone/Lab/interviews/technical-test/src/use-cases/auth.ts": {"path":"/home/sohone/Lab/interviews/technical-test/src/use-cases/auth.ts","statementMap":{"0":{"start":{"line":1,"column":0},"end":{"line":1,"column":31}},"1":{"start":{"line":2,"column":0},"end":{"line":2,"column":34}},"2":{"start":{"line":5,"column":22},"end":{"line":19,"column":1}},"3":{"start":{"line":7,"column":4},"end":{"line":7,"column":60}},"4":{"start":{"line":7,"column":35},"end":{"line":7,"column":60}},"5":{"start":{"line":9,"column":4},"end":{"line":17,"column":48}},"6":{"start":{"line":11,"column":22},"end":{"line":11,"column":73}},"7":{"start":{"line":13,"column":8},"end":{"line":13,"column":21}},"8":{"start":{"line":17,"column":9},"end":{"line":17,"column":48}},"9":{"start":{"line":21,"column":20},"end":{"line":31,"column":1}},"10":{"start":{"line":23,"column":2},"end":{"line":29,"column":null}},"11":{"start":{"line":25,"column":24},"end":{"line":25,"column":57}},"12":{"start":{"line":27,"column":4},"end":{"line":27,"column":null}},"13":{"start":{"line":29,"column":15},"end":{"line":29,"column":34}},"14":{"start":{"line":33,"column":13},"end":{"line":33,"column":43}},"15":{"start":{"line":34,"column":0},"end":{"line":34,"column":20}}},"fnMap":{"0":{"name":"(anonymous_1)","decl":{"start":{"line":5,"column":22},"end":{"line":5,"column":23}},"loc":{"start":{"line":5,"column":34},"end":{"line":19,"column":1}}},"1":{"name":"(anonymous_2)","decl":{"start":{"line":21,"column":20},"end":{"line":21,"column":21}},"loc":{"start":{"line":21,"column":33},"end":{"line":31,"column":1}}}},"branchMap":{"0":{"loc":{"start":{"line":7,"column":4},"end":{"line":7,"column":60}},"type":"if","locations":[{"start":{"line":7,"column":4},"end":{"line":7,"column":60}},{"start":{"line":7,"column":4},"end":{"line":7,"column":60}}]},"1":{"loc":{"start":{"line":7,"column":7},"end":{"line":7,"column":25}},"type":"binary-expr","locations":[{"start":{"line":7,"column":7},"end":{"line":7,"column":25}},{"start":{"line":7,"column":29},"end":{"line":7,"column":33}}]},"2":{"loc":{"start":{"line":9,"column":4},"end":{"line":17,"column":48}},"type":"if","locations":[{"start":{"line":9,"column":4},"end":{"line":17,"column":48}},{"start":{"line":9,"column":4},"end":{"line":17,"column":48}}]}},"s":{"0":1,"1":1,"2":1,"3":5,"4":1,"5":4,"6":3,"7":3,"8":1,"9":1,"10":2,"11":2,"12":1,"13":1,"14":1,"15":1},"f":{"0":5,"1":2},"b":{"0":[1,4],"1":[5,4],"2":[3,1]}}
,"/home/sohone/Lab/interviews/technical-test/src/use-cases/center-align.ts": {"path":"/home/sohone/Lab/interviews/technical-test/src/use-cases/center-align.ts","statementMap":{"0":{"start":{"line":3,"column":20},"end":{"line":23,"column":1}},"1":{"start":{"line":6,"column":31},"end":{"line":6,"column":33}},"2":{"start":{"line":8,"column":23},"end":{"line":8,"column":70}},"3":{"start":{"line":8,"column":51},"end":{"line":8,"column":68}},"4":{"start":{"line":9,"column":17},"end":{"line":9,"column":39}},"5":{"start":{"line":11,"column":22},"end":{"line":11,"column":38}},"6":{"start":{"line":12,"column":18},"end":{"line":12,"column":34}},"7":{"start":{"line":13,"column":16},"end":{"line":13,"column":32}},"8":{"start":{"line":16,"column":4},"end":{"line":19,"column":null}},"9":{"start":{"line":16,"column":14},"end":{"line":16,"column":15}},"10":{"start":{"line":17,"column":27},"end":{"line":17,"column":52}},"11":{"start":{"line":18,"column":8},"end":{"line":18,"column":77}},"12":{"start":{"line":21,"column":4},"end":{"line":21,"column":25}},"13":{"start":{"line":25,"column":0},"end":{"line":25,"column":27}}},"fnMap":{"0":{"name":"(anonymous_0)","decl":{"start":{"line":3,"column":20},"end":{"line":3,"column":21}},"loc":{"start":{"line":3,"column":58},"end":{"line":23,"column":1}}},"1":{"name":"(anonymous_1)","decl":{"start":{"line":8,"column":36},"end":{"line":8,"column":37}},"loc":{"start":{"line":8,"column":46},"end":{"line":8,"column":54}}}},"branchMap":{"0":{"loc":{"start":{"line":17,"column":48},"end":{"line":17,"column":49}},"type":"cond-expr","locations":[{"start":{"line":17,"column":48},"end":{"line":17,"column":49}},{"start":{"line":17,"column":50},"end":{"line":17,"column":51}}]},"1":{"loc":{"start":{"line":18,"column":30},"end":{"line":18,"column":42}},"type":"cond-expr","locations":[{"start":{"line":18,"column":30},"end":{"line":18,"column":42}},{"start":{"line":18,"column":43},"end":{"line":18,"column":76}}]}},"s":{"0":2,"1":9,"2":9,"3":118,"4":9,"5":9,"6":9,"7":9,"8":9,"9":9,"10":118,"11":118,"12":9,"13":2},"f":{"0":9,"1":118},"b":{"0":[43,75],"1":[9,109]}}
,"/home/sohone/Lab/interviews/technical-test/src/use-cases/justify.ts": {"path":"/home/sohone/Lab/interviews/technical-test/src/use-cases/justify.ts","statementMap":{"0":{"start":{"line":1,"column":0},"end":{"line":1,"column":34}},"1":{"start":{"line":2,"column":0},"end":{"line":2,"column":42}},"2":{"start":{"line":3,"column":0},"end":{"line":3,"column":41}},"3":{"start":{"line":4,"column":0},"end":{"line":4,"column":37}},"4":{"start":{"line":7,"column":16},"end":{"line":43,"column":1}},"5":{"start":{"line":7,"column":30},"end":{"line":7,"column":null}},"6":{"start":{"line":9,"column":24},"end":{"line":9,"column":39}},"7":{"start":{"line":11,"column":31},"end":{"line":11,"column":33}},"8":{"start":{"line":13,"column":12},"end":{"line":13,"column":13}},"9":{"start":{"line":14,"column":18},"end":{"line":14,"column":36}},"10":{"start":{"line":16,"column":4},"end":{"line":39,"column":null}},"11":{"start":{"line":18,"column":16},"end":{"line":18,"column":19}},"12":{"start":{"line":19,"column":25},"end":{"line":19,"column":53}},"13":{"start":{"line":21,"column":8},"end":{"line":24,"column":null}},"14":{"start":{"line":22,"column":9},"end":{"line":22,"column":null}},"15":{"start":{"line":23,"column":9},"end":{"line":23,"column":null}},"16":{"start":{"line":26,"column":21},"end":{"line":26,"column":39}},"17":{"start":{"line":27,"column":30},"end":{"line":27,"column":33}},"18":{"start":{"line":29,"column":21},"end":{"line":29,"column":55}},"19":{"start":{"line":31,"column":8},"end":{"line":36,"column":null}},"20":{"start":{"line":33,"column":12},"end":{"line":33,"column":62}},"21":{"start":{"line":35,"column":12},"end":{"line":35,"column":75}},"22":{"start":{"line":38,"column":8},"end":{"line":38,"column":12}},"23":{"start":{"line":41,"column":4},"end":{"line":41,"column":32}},"24":{"start":{"line":45,"column":0},"end":{"line":45,"column":23}}},"fnMap":{"0":{"name":"(anonymous_1)","decl":{"start":{"line":7,"column":16},"end":{"line":7,"column":17}},"loc":{"start":{"line":7,"column":55},"end":{"line":43,"column":1}}}},"branchMap":{"0":{"loc":{"start":{"line":7,"column":30},"end":{"line":7,"column":null}},"type":"if","locations":[{"start":{"line":7,"column":30},"end":{"line":7,"column":null}},{"start":{"line":7,"column":30},"end":{"line":7,"column":null}}]},"1":{"loc":{"start":{"line":21,"column":14},"end":{"line":21,"column":23}},"type":"binary-expr","locations":[{"start":{"line":21,"column":14},"end":{"line":21,"column":23}},{"start":{"line":21,"column":27},"end":{"line":21,"column":85}}]},"2":{"loc":{"start":{"line":31,"column":8},"end":{"line":36,"column":null}},"type":"if","locations":[{"start":{"line":31,"column":8},"end":{"line":36,"column":null}},{"start":{"line":31,"column":8},"end":{"line":36,"column":null}}]},"3":{"loc":{"start":{"line":31,"column":11},"end":{"line":31,"column":28}},"type":"binary-expr","locations":[{"start":{"line":31,"column":11},"end":{"line":31,"column":28}},{"start":{"line":31,"column":32},"end":{"line":31,"column":40}}]}},"s":{"0":1,"1":1,"2":1,"3":1,"4":1,"5":1,"6":1,"7":1,"8":1,"9":1,"10":1,"11":9,"12":9,"13":9,"14":101,"15":101,"16":9,"17":9,"18":9,"19":9,"20":1,"21":8,"22":9,"23":1,"24":1},"f":{"0":1},"b":{"0":[0,1],"1":[110,109],"2":[1,8],"3":[9,8]}}
,"/home/sohone/Lab/interviews/technical-test/src/use-cases/left-align.ts": {"path":"/home/sohone/Lab/interviews/technical-test/src/use-cases/left-align.ts","statementMap":{"0":{"start":{"line":1,"column":18},"end":{"line":10,"column":1}},"1":{"start":{"line":4,"column":28},"end":{"line":4,"column":51}},"2":{"start":{"line":7,"column":24},"end":{"line":7,"column":56}},"3":{"start":{"line":9,"column":4},"end":{"line":9,"column":23}},"4":{"start":{"line":12,"column":0},"end":{"line":12,"column":25}}},"fnMap":{"0":{"name":"(anonymous_0)","decl":{"start":{"line":1,"column":18},"end":{"line":1,"column":19}},"loc":{"start":{"line":1,"column":48},"end":{"line":10,"column":1}}}},"branchMap":{},"s":{"0":2,"1":2,"2":2,"3":2,"4":2},"f":{"0":2},"b":{}}
}
