{"/home/sohone/Lab/interviews/technical-test/src/app.ts": {"path":"/home/sohone/Lab/interviews/technical-test/src/app.ts","statementMap":{"0":{"start":{"line":1,"column":0},"end":{"line":1,"column":80}},"1":{"start":{"line":2,"column":0},"end":{"line":2,"column":24}},"2":{"start":{"line":3,"column":0},"end":{"line":3,"column":42}},"3":{"start":{"line":7,"column":29},"end":{"line":7,"column":38}},"4":{"start":{"line":9,"column":4},"end":{"line":9,"column":20}},"5":{"start":{"line":10,"column":4},"end":{"line":10,"column":28}},"6":{"start":{"line":11,"column":4},"end":{"line":11,"column":28}},"7":{"start":{"line":13,"column":4},"end":{"line":13,"column":23}},"8":{"start":{"line":15,"column":4},"end":{"line":15,"column":83}},"9":{"start":{"line":15,"column":50},"end":{"line":15,"column":82}},"10":{"start":{"line":17,"column":4},"end":{"line":17,"column":15}},"11":{"start":{"line":5,"column":0},"end":{"line":5,"column":24}}},"fnMap":{"0":{"name":"expressApp","decl":{"start":{"line":5,"column":24},"end":{"line":5,"column":34}},"loc":{"start":{"line":5,"column":34},"end":{"line":18,"column":1}}},"1":{"name":"(anonymous_2)","decl":{"start":{"line":15,"column":17},"end":{"line":15,"column":18}},"loc":{"start":{"line":15,"column":45},"end":{"line":15,"column":53}}}},"branchMap":{},"s":{"0":1,"1":1,"2":1,"3":1,"4":1,"5":1,"6":1,"7":1,"8":1,"9":1,"10":1,"11":1},"f":{"0":1,"1":1},"b":{}}
,"/home/sohone/Lab/interviews/technical-test/src/config/cache.ts": {"path":"/home/sohone/Lab/interviews/technical-test/src/config/cache.ts","statementMap":{"0":{"start":{"line":1,"column":0},"end":{"line":1,"column":46}},"1":{"start":{"line":2,"column":0},"end":{"line":2,"column":61}},"2":{"start":{"line":4,"column":21},"end":{"line":4,"column":60}},"3":{"start":{"line":6,"column":22},"end":{"line":6,"column":66}},"4":{"start":{"line":6,"column":35},"end":{"line":6,"column":54}},"5":{"start":{"line":6,"column":54},"end":{"line":6,"column":121}},"6":{"start":{"line":8,"column":22},"end":{"line":8,"column":51}},"7":{"start":{"line":8,"column":39},"end":{"line":8,"column":70}},"8":{"start":{"line":10,"column":14},"end":{"line":10,"column":46}},"9":{"start":{"line":12,"column":0},"end":{"line":12,"column":21}}},"fnMap":{"0":{"name":"(anonymous_0)","decl":{"start":{"line":6,"column":22},"end":{"line":6,"column":23}},"loc":{"start":{"line":6,"column":49},"end":{"line":6,"column":66}}},"1":{"name":"(anonymous_1)","decl":{"start":{"line":8,"column":22},"end":{"line":8,"column":23}},"loc":{"start":{"line":8,"column":33},"end":{"line":8,"column":51}}}},"branchMap":{"0":{"loc":{"start":{"line":6,"column":35},"end":{"line":6,"column":54}},"type":"if","locations":[{"start":{"line":6,"column":35},"end":{"line":6,"column":54}},{"start":{"line":6,"column":35},"end":{"line":6,"column":54}}]}},"s":{"0":1,"1":1,"2":1,"3":1,"4":3,"5":2,"6":1,"7":1,"8":1,"9":1},"f":{"0":2,"1":1},"b":{"0":[1,1]}}
,"/home/sohone/Lab/interviews/technical-test/src/config/helper.ts": {"path":"/home/sohone/Lab/interviews/technical-test/src/config/helper.ts","statementMap":{"0":{"start":{"line":3,"column":21},"end":{"line":10,"column":1}},"1":{"start":{"line":5,"column":14},"end":{"line":5,"column":16}},"2":{"start":{"line":7,"column":4},"end":{"line":7,"column":52}},"3":{"start":{"line":7,"column":14},"end":{"line":7,"column":19}},"4":{"start":{"line":7,"column":33},"end":{"line":7,"column":52}},"5":{"start":{"line":9,"column":4},"end":{"line":9,"column":23}},"6":{"start":{"line":12,"column":22},"end":{"line":19,"column":1}},"7":{"start":{"line":14,"column":14},"end":{"line":14,"column":16}},"8":{"start":{"line":16,"column":4},"end":{"line":16,"column":58}},"9":{"start":{"line":16,"column":14},"end":{"line":16,"column":15}},"10":{"start":{"line":16,"column":38},"end":{"line":16,"column":58}},"11":{"start":{"line":18,"column":4},"end":{"line":18,"column":23}},"12":{"start":{"line":21,"column":18},"end":{"line":24,"column":null}},"13":{"start":{"line":26,"column":0},"end":{"line":26,"column":26}}},"fnMap":{"0":{"name":"(anonymous_0)","decl":{"start":{"line":3,"column":21},"end":{"line":3,"column":22}},"loc":{"start":{"line":3,"column":67},"end":{"line":10,"column":1}}},"1":{"name":"(anonymous_1)","decl":{"start":{"line":12,"column":22},"end":{"line":12,"column":23}},"loc":{"start":{"line":12,"column":43},"end":{"line":19,"column":1}}}},"branchMap":{},"s":{"0":2,"1":10,"2":10,"3":10,"4":111,"5":10,"6":2,"7":1,"8":1,"9":1,"10":1,"11":1,"12":2,"13":2},"f":{"0":10,"1":1},"b":{}}
,"/home/sohone/Lab/interviews/technical-test/src/config/utils.ts": {"path":"/home/sohone/Lab/interviews/technical-test/src/config/utils.ts","statementMap":{"0":{"start":{"line":1,"column":0},"end":{"line":1,"column":33}},"1":{"start":{"line":3,"column":0},"end":{"line":3,"column":16}},"2":{"start":{"line":5,"column":12},"end":{"line":11,"column":2}},"3":{"start":{"line":13,"column":0},"end":{"line":13,"column":19}}},"fnMap":{},"branchMap":{"0":{"loc":{"start":{"line":6,"column":16},"end":{"line":6,"column":38}},"type":"binary-expr","locations":[{"start":{"line":6,"column":16},"end":{"line":6,"column":38}},{"start":{"line":6,"column":42},"end":{"line":6,"column":44}}]},"1":{"loc":{"start":{"line":7,"column":19},"end":{"line":7,"column":44}},"type":"binary-expr","locations":[{"start":{"line":7,"column":19},"end":{"line":7,"column":44}},{"start":{"line":7,"column":48},"end":{"line":7,"column":53}}]},"2":{"loc":{"start":{"line":8,"column":10},"end":{"line":8,"column":26}},"type":"binary-expr","locations":[{"start":{"line":8,"column":10},"end":{"line":8,"column":26}},{"start":{"line":8,"column":30},"end":{"line":8,"column":34}}]},"3":{"loc":{"start":{"line":9,"column":16},"end":{"line":9,"column":38}},"type":"binary-expr","locations":[{"start":{"line":9,"column":16},"end":{"line":9,"column":38}},{"start":{"line":9,"column":42},"end":{"line":9,"column":50}}]}},"s":{"0":3,"1":3,"2":3,"3":3},"f":{},"b":{"0":[3,0],"1":[3,0],"2":[3,0],"3":[3,0]}}
,"/home/sohone/Lab/interviews/technical-test/src/controllers/apiController.ts": {"path":"/home/sohone/Lab/interviews/technical-test/src/controllers/apiController.ts","statementMap":{"0":{"start":{"line":2,"column":0},"end":{"line":2,"column":37}},"1":{"start":{"line":3,"column":0},"end":{"line":3,"column":43}},"2":{"start":{"line":4,"column":0},"end":{"line":4,"column":36}},"3":{"start":{"line":5,"column":0},"end":{"line":5,"column":42}},"4":{"start":{"line":9,"column":41},"end":{"line":9,"column":47}},"5":{"start":{"line":10,"column":39},"end":{"line":10,"column":44}},"6":{"start":{"line":13,"column":17},"end":{"line":26,"column":1}},"7":{"start":{"line":15,"column":20},"end":{"line":15,"column":28}},"8":{"start":{"line":16,"column":18},"end":{"line":16,"column":40}},"9":{"start":{"line":17,"column":18},"end":{"line":17,"column":34}},"10":{"start":{"line":19,"column":4},"end":{"line":24,"column":null}},"11":{"start":{"line":20,"column":8},"end":{"line":20,"column":29}},"12":{"start":{"line":21,"column":8},"end":{"line":21,"column":43}},"13":{"start":{"line":23,"column":8},"end":{"line":23,"column":36}},"14":{"start":{"line":28,"column":20},"end":{"line":34,"column":1}},"15":{"start":{"line":30,"column":17},"end":{"line":30,"column":25}},"16":{"start":{"line":31,"column":24},"end":{"line":31,"column":37}},"17":{"start":{"line":32,"column":26},"end":{"line":32,"column":54}},"18":{"start":{"line":33,"column":4},"end":{"line":33,"column":40}},"19":{"start":{"line":36,"column":19},"end":{"line":36,"column":60}},"20":{"start":{"line":39,"column":0},"end":{"line":39,"column":26}}},"fnMap":{"0":{"name":"(anonymous_1)","decl":{"start":{"line":13,"column":17},"end":{"line":13,"column":18}},"loc":{"start":{"line":13,"column":45},"end":{"line":26,"column":1}}},"1":{"name":"(anonymous_2)","decl":{"start":{"line":28,"column":20},"end":{"line":28,"column":21}},"loc":{"start":{"line":28,"column":48},"end":{"line":34,"column":1}}}},"branchMap":{"0":{"loc":{"start":{"line":19,"column":4},"end":{"line":24,"column":null}},"type":"if","locations":[{"start":{"line":19,"column":4},"end":{"line":24,"column":null}},{"start":{"line":19,"column":4},"end":{"line":24,"column":null}}]}},"s":{"0":1,"1":1,"2":1,"3":1,"4":2,"5":2,"6":1,"7":1,"8":1,"9":1,"10":1,"11":1,"12":1,"13":0,"14":1,"15":1,"16":1,"17":1,"18":1,"19":1,"20":1},"f":{"0":1,"1":1},"b":{"0":[1,0]}}
,"/home/sohone/Lab/interviews/technical-test/src/endpoints/index.ts": {"path":"/home/sohone/Lab/interviews/technical-test/src/endpoints/index.ts","statementMap":{"0":{"start":{"line":1,"column":0},"end":{"line":1,"column":31}},"1":{"start":{"line":2,"column":0},"end":{"line":2,"column":47}},"2":{"start":{"line":3,"column":0},"end":{"line":3,"column":54}},"3":{"start":{"line":6,"column":15},"end":{"line":6,"column":23}},"4":{"start":{"line":8,"column":0},"end":{"line":8,"column":44}},"5":{"start":{"line":9,"column":0},"end":{"line":9,"column":62}},"6":{"start":{"line":12,"column":0},"end":{"line":12,"column":22}}},"fnMap":{},"branchMap":{},"s":{"0":1,"1":1,"2":1,"3":1,"4":1,"5":1,"6":1},"f":{},"b":{}}
,"/home/sohone/Lab/interviews/technical-test/src/middlewares/auth.ts": {"path":"/home/sohone/Lab/interviews/technical-test/src/middlewares/auth.ts","statementMap":{"0":{"start":{"line":2,"column":0},"end":{"line":2,"column":36}},"1":{"start":{"line":3,"column":0},"end":{"line":3,"column":37}},"2":{"start":{"line":4,"column":0},"end":{"line":4,"column":34}},"3":{"start":{"line":6,"column":41},"end":{"line":6,"column":47}},"4":{"start":{"line":8,"column":21},"end":{"line":39,"column":null}},"5":{"start":{"line":8,"column":71},"end":{"line":39,"column":null}},"6":{"start":{"line":10,"column":10},"end":{"line":10,"column":49}},"7":{"start":{"line":12,"column":8},"end":{"line":12,"column":18}},"8":{"start":{"line":14,"column":14},"end":{"line":14,"column":47}},"9":{"start":{"line":16,"column":14},"end":{"line":16,"column":47}},"10":{"start":{"line":18,"column":11},"end":{"line":18,"column":17}},"11":{"start":{"line":20,"column":31},"end":{"line":20,"column":null}},"12":{"start":{"line":20,"column":18},"end":{"line":20,"column":null}},"13":{"start":{"line":22,"column":18},"end":{"line":22,"column":34}},"14":{"start":{"line":24,"column":18},"end":{"line":24,"column":43}},"15":{"start":{"line":26,"column":12},"end":{"line":26,"column":106}},"16":{"start":{"line":26,"column":58},"end":{"line":26,"column":106}},"17":{"start":{"line":28,"column":12},"end":{"line":28,"column":null}},"18":{"start":{"line":30,"column":12},"end":{"line":30,"column":19}},"19":{"start":{"line":33,"column":12},"end":{"line":33,"column":48}},"20":{"start":{"line":37,"column":8},"end":{"line":37,"column":57}},"21":{"start":{"line":41,"column":0},"end":{"line":41,"column":28}}},"fnMap":{"0":{"name":"(anonymous_14)","decl":{"start":{"line":8,"column":21},"end":{"line":8,"column":27}},"loc":{"start":{"line":8,"column":71},"end":{"line":39,"column":null}}},"1":{"name":"(anonymous_15)","decl":{"start":{"line":8,"column":71},"end":{"line":8,"column":null}},"loc":{"start":{"line":8,"column":71},"end":{"line":39,"column":null}}}},"branchMap":{"0":{"loc":{"start":{"line":33,"column":12},"end":{"line":33,"column":48}},"type":"switch","locations":[{"start":{"line":33,"column":12},"end":{"line":33,"column":48}},{"start":{"line":37,"column":8},"end":{"line":37,"column":57}}]},"1":{"loc":{"start":{"line":12,"column":8},"end":{"line":12,"column":18}},"type":"if","locations":[{"start":{"line":12,"column":8},"end":{"line":12,"column":18}},{"start":{"line":12,"column":8},"end":{"line":12,"column":18}}]},"2":{"loc":{"start":{"line":18,"column":11},"end":{"line":18,"column":17}},"type":"if","locations":[{"start":{"line":18,"column":11},"end":{"line":18,"column":17}},{"start":{"line":18,"column":11},"end":{"line":18,"column":17}}]},"3":{"loc":{"start":{"line":26,"column":12},"end":{"line":26,"column":106}},"type":"if","locations":[{"start":{"line":26,"column":12},"end":{"line":26,"column":106}},{"start":{"line":26,"column":12},"end":{"line":26,"column":106}}]}},"s":{"0":1,"1":1,"2":1,"3":2,"4":1,"5":2,"6":2,"7":3,"8":1,"9":1,"10":1,"11":1,"12":1,"13":1,"14":1,"15":1,"16":0,"17":1,"18":1,"19":0,"20":1,"21":1},"f":{"0":2,"1":2},"b":{"0":[0,1],"1":[1,1],"2":[0,1],"3":[0,1]}}
,"/home/sohone/Lab/interviews/technical-test/src/use-cases/auth.ts": {"path":"/home/sohone/Lab/interviews/technical-test/src/use-cases/auth.ts","statementMap":{"0":{"start":{"line":1,"column":0},"end":{"line":1,"column":31}},"1":{"start":{"line":2,"column":0},"end":{"line":2,"column":34}},"2":{"start":{"line":5,"column":22},"end":{"line":19,"column":1}},"3":{"start":{"line":7,"column":4},"end":{"line":7,"column":60}},"4":{"start":{"line":7,"column":35},"end":{"line":7,"column":60}},"5":{"start":{"line":9,"column":4},"end":{"line":17,"column":48}},"6":{"start":{"line":11,"column":22},"end":{"line":11,"column":73}},"7":{"start":{"line":13,"column":8},"end":{"line":13,"column":21}},"8":{"start":{"line":17,"column":9},"end":{"line":17,"column":48}},"9":{"start":{"line":21,"column":20},"end":{"line":31,"column":1}},"10":{"start":{"line":23,"column":2},"end":{"line":29,"column":null}},"11":{"start":{"line":25,"column":24},"end":{"line":25,"column":57}},"12":{"start":{"line":27,"column":4},"end":{"line":27,"column":null}},"13":{"start":{"line":29,"column":15},"end":{"line":29,"column":34}},"14":{"start":{"line":33,"column":13},"end":{"line":33,"column":43}},"15":{"start":{"line":35,"column":0},"end":{"line":35,"column":20}}},"fnMap":{"0":{"name":"(anonymous_1)","decl":{"start":{"line":5,"column":22},"end":{"line":5,"column":23}},"loc":{"start":{"line":5,"column":34},"end":{"line":19,"column":1}}},"1":{"name":"(anonymous_2)","decl":{"start":{"line":21,"column":20},"end":{"line":21,"column":21}},"loc":{"start":{"line":21,"column":33},"end":{"line":31,"column":1}}}},"branchMap":{"0":{"loc":{"start":{"line":7,"column":4},"end":{"line":7,"column":60}},"type":"if","locations":[{"start":{"line":7,"column":4},"end":{"line":7,"column":60}},{"start":{"line":7,"column":4},"end":{"line":7,"column":60}}]},"1":{"loc":{"start":{"line":7,"column":7},"end":{"line":7,"column":25}},"type":"binary-expr","locations":[{"start":{"line":7,"column":7},"end":{"line":7,"column":25}},{"start":{"line":7,"column":29},"end":{"line":7,"column":33}}]},"2":{"loc":{"start":{"line":9,"column":4},"end":{"line":17,"column":48}},"type":"if","locations":[{"start":{"line":9,"column":4},"end":{"line":17,"column":48}},{"start":{"line":9,"column":4},"end":{"line":17,"column":48}}]}},"s":{"0":2,"1":2,"2":2,"3":6,"4":1,"5":5,"6":4,"7":4,"8":1,"9":2,"10":3,"11":3,"12":2,"13":1,"14":2,"15":2},"f":{"0":6,"1":3},"b":{"0":[1,5],"1":[6,5],"2":[4,1]}}
,"/home/sohone/Lab/interviews/technical-test/src/use-cases/center-align.ts": {"path":"/home/sohone/Lab/interviews/technical-test/src/use-cases/center-align.ts","statementMap":{"0":{"start":{"line":3,"column":20},"end":{"line":23,"column":1}},"1":{"start":{"line":6,"column":31},"end":{"line":6,"column":33}},"2":{"start":{"line":8,"column":23},"end":{"line":8,"column":70}},"3":{"start":{"line":8,"column":51},"end":{"line":8,"column":68}},"4":{"start":{"line":9,"column":17},"end":{"line":9,"column":39}},"5":{"start":{"line":11,"column":22},"end":{"line":11,"column":38}},"6":{"start":{"line":12,"column":18},"end":{"line":12,"column":34}},"7":{"start":{"line":13,"column":16},"end":{"line":13,"column":32}},"8":{"start":{"line":16,"column":4},"end":{"line":19,"column":null}},"9":{"start":{"line":16,"column":14},"end":{"line":16,"column":15}},"10":{"start":{"line":17,"column":27},"end":{"line":17,"column":52}},"11":{"start":{"line":18,"column":8},"end":{"line":18,"column":77}},"12":{"start":{"line":21,"column":4},"end":{"line":21,"column":25}},"13":{"start":{"line":25,"column":0},"end":{"line":25,"column":27}}},"fnMap":{"0":{"name":"(anonymous_0)","decl":{"start":{"line":3,"column":20},"end":{"line":3,"column":21}},"loc":{"start":{"line":3,"column":58},"end":{"line":23,"column":1}}},"1":{"name":"(anonymous_1)","decl":{"start":{"line":8,"column":36},"end":{"line":8,"column":37}},"loc":{"start":{"line":8,"column":46},"end":{"line":8,"column":54}}}},"branchMap":{"0":{"loc":{"start":{"line":17,"column":48},"end":{"line":17,"column":49}},"type":"cond-expr","locations":[{"start":{"line":17,"column":48},"end":{"line":17,"column":49}},{"start":{"line":17,"column":50},"end":{"line":17,"column":51}}]},"1":{"loc":{"start":{"line":18,"column":30},"end":{"line":18,"column":42}},"type":"cond-expr","locations":[{"start":{"line":18,"column":30},"end":{"line":18,"column":42}},{"start":{"line":18,"column":43},"end":{"line":18,"column":76}}]}},"s":{"0":3,"1":9,"2":9,"3":118,"4":9,"5":9,"6":9,"7":9,"8":9,"9":9,"10":118,"11":118,"12":9,"13":3},"f":{"0":9,"1":118},"b":{"0":[43,75],"1":[9,109]}}
,"/home/sohone/Lab/interviews/technical-test/src/use-cases/justify.ts": {"path":"/home/sohone/Lab/interviews/technical-test/src/use-cases/justify.ts","statementMap":{"0":{"start":{"line":1,"column":0},"end":{"line":1,"column":34}},"1":{"start":{"line":2,"column":0},"end":{"line":2,"column":42}},"2":{"start":{"line":3,"column":0},"end":{"line":3,"column":41}},"3":{"start":{"line":4,"column":0},"end":{"line":4,"column":37}},"4":{"start":{"line":7,"column":16},"end":{"line":48,"column":1}},"5":{"start":{"line":7,"column":30},"end":{"line":7,"column":null}},"6":{"start":{"line":9,"column":4},"end":{"line":9,"column":null}},"7":{"start":{"line":10,"column":4},"end":{"line":10,"column":null}},"8":{"start":{"line":12,"column":4},"end":{"line":12,"column":59}},"9":{"start":{"line":12,"column":31},"end":{"line":12,"column":59}},"10":{"start":{"line":14,"column":24},"end":{"line":14,"column":39}},"11":{"start":{"line":16,"column":31},"end":{"line":16,"column":33}},"12":{"start":{"line":18,"column":12},"end":{"line":18,"column":13}},"13":{"start":{"line":19,"column":18},"end":{"line":19,"column":36}},"14":{"start":{"line":21,"column":4},"end":{"line":44,"column":null}},"15":{"start":{"line":23,"column":16},"end":{"line":23,"column":19}},"16":{"start":{"line":24,"column":25},"end":{"line":24,"column":53}},"17":{"start":{"line":26,"column":8},"end":{"line":29,"column":null}},"18":{"start":{"line":27,"column":9},"end":{"line":27,"column":null}},"19":{"start":{"line":28,"column":9},"end":{"line":28,"column":null}},"20":{"start":{"line":31,"column":21},"end":{"line":31,"column":39}},"21":{"start":{"line":32,"column":30},"end":{"line":32,"column":33}},"22":{"start":{"line":34,"column":21},"end":{"line":34,"column":55}},"23":{"start":{"line":36,"column":8},"end":{"line":41,"column":null}},"24":{"start":{"line":38,"column":12},"end":{"line":38,"column":62}},"25":{"start":{"line":40,"column":12},"end":{"line":40,"column":75}},"26":{"start":{"line":43,"column":8},"end":{"line":43,"column":12}},"27":{"start":{"line":46,"column":4},"end":{"line":46,"column":32}},"28":{"start":{"line":50,"column":0},"end":{"line":50,"column":23}}},"fnMap":{"0":{"name":"(anonymous_1)","decl":{"start":{"line":7,"column":16},"end":{"line":7,"column":17}},"loc":{"start":{"line":7,"column":55},"end":{"line":48,"column":1}}}},"branchMap":{"0":{"loc":{"start":{"line":7,"column":30},"end":{"line":7,"column":null}},"type":"if","locations":[{"start":{"line":7,"column":30},"end":{"line":7,"column":null}},{"start":{"line":7,"column":30},"end":{"line":7,"column":null}}]},"1":{"loc":{"start":{"line":12,"column":4},"end":{"line":12,"column":59}},"type":"if","locations":[{"start":{"line":12,"column":4},"end":{"line":12,"column":59}},{"start":{"line":12,"column":4},"end":{"line":12,"column":59}}]},"2":{"loc":{"start":{"line":26,"column":14},"end":{"line":26,"column":23}},"type":"binary-expr","locations":[{"start":{"line":26,"column":14},"end":{"line":26,"column":23}},{"start":{"line":26,"column":27},"end":{"line":26,"column":85}}]},"3":{"loc":{"start":{"line":36,"column":8},"end":{"line":41,"column":null}},"type":"if","locations":[{"start":{"line":36,"column":8},"end":{"line":41,"column":null}},{"start":{"line":36,"column":8},"end":{"line":41,"column":null}}]},"4":{"loc":{"start":{"line":36,"column":11},"end":{"line":36,"column":28}},"type":"binary-expr","locations":[{"start":{"line":36,"column":11},"end":{"line":36,"column":28}},{"start":{"line":36,"column":32},"end":{"line":36,"column":40}}]}},"s":{"0":2,"1":2,"2":2,"3":2,"4":2,"5":3,"6":2,"7":2,"8":2,"9":1,"10":2,"11":2,"12":2,"13":2,"14":2,"15":10,"16":10,"17":10,"18":101,"19":101,"20":10,"21":10,"22":10,"23":10,"24":2,"25":8,"26":10,"27":2,"28":2},"f":{"0":2},"b":{"0":[1,1],"1":[1,1],"2":[111,109],"3":[2,8],"4":[10,8]}}
,"/home/sohone/Lab/interviews/technical-test/src/use-cases/left-align.ts": {"path":"/home/sohone/Lab/interviews/technical-test/src/use-cases/left-align.ts","statementMap":{"0":{"start":{"line":1,"column":18},"end":{"line":10,"column":1}},"1":{"start":{"line":4,"column":28},"end":{"line":4,"column":51}},"2":{"start":{"line":7,"column":24},"end":{"line":7,"column":56}},"3":{"start":{"line":9,"column":4},"end":{"line":9,"column":23}},"4":{"start":{"line":12,"column":0},"end":{"line":12,"column":25}}},"fnMap":{"0":{"name":"(anonymous_0)","decl":{"start":{"line":1,"column":18},"end":{"line":1,"column":19}},"loc":{"start":{"line":1,"column":48},"end":{"line":10,"column":1}}}},"branchMap":{},"s":{"0":3,"1":3,"2":3,"3":3,"4":3},"f":{"0":3},"b":{}}
}
