TN:
SF:src/config/helper.ts
FN:3,(anonymous_0)
FN:12,(anonymous_1)
FNF:2
FNH:1
FNDA:9,(anonymous_0)
FNDA:0,(anonymous_1)
DA:3,1
DA:5,9
DA:7,110
DA:9,9
DA:12,1
DA:14,0
DA:16,0
DA:18,0
DA:21,1
DA:26,1
LF:10
LH:7
BRF:0
BRH:0
end_of_record
TN:
SF:src/config/utils.ts
FNF:0
FNH:0
DA:1,2
DA:3,2
DA:5,2
DA:13,2
LF:4
LH:4
BRDA:6,0,0,2
BRDA:6,0,1,0
BRDA:7,1,0,2
BRDA:7,1,1,0
BRDA:8,2,0,2
BRDA:8,2,1,0
BRDA:9,3,0,2
BRDA:9,3,1,0
BRF:8
BRH:4
end_of_record
TN:
SF:src/use-cases/auth.ts
FN:5,(anonymous_1)
FN:21,(anonymous_2)
FNF:2
FNH:2
FNDA:5,(anonymous_1)
FNDA:2,(anonymous_2)
DA:1,1
DA:2,1
DA:5,1
DA:7,5
DA:9,4
DA:11,3
DA:13,3
DA:17,1
DA:21,1
DA:23,2
DA:25,2
DA:27,1
DA:29,1
DA:33,1
DA:34,1
LF:15
LH:15
BRDA:7,0,0,1
BRDA:7,0,1,4
BRDA:7,1,0,5
BRDA:7,1,1,4
BRDA:9,2,0,3
BRDA:9,2,1,1
BRF:6
BRH:6
end_of_record
TN:
SF:src/use-cases/center-align.ts
FN:3,(anonymous_0)
FN:8,(anonymous_1)
FNF:2
FNH:2
FNDA:9,(anonymous_0)
FNDA:118,(anonymous_1)
DA:3,2
DA:6,9
DA:8,118
DA:9,9
DA:11,9
DA:12,9
DA:13,9
DA:16,9
DA:17,118
DA:18,118
DA:21,9
DA:25,2
LF:12
LH:12
BRDA:17,0,0,43
BRDA:17,0,1,75
BRDA:18,1,0,9
BRDA:18,1,1,109
BRF:4
BRH:4
end_of_record
TN:
SF:src/use-cases/justify.ts
FN:7,(anonymous_1)
FNF:1
FNH:1
FNDA:1,(anonymous_1)
DA:1,1
DA:2,1
DA:3,1
DA:4,1
DA:7,1
DA:9,1
DA:11,1
DA:13,1
DA:14,1
DA:16,1
DA:18,9
DA:19,9
DA:21,9
DA:22,101
DA:23,101
DA:26,9
DA:27,9
DA:29,9
DA:31,9
DA:33,1
DA:35,8
DA:38,9
DA:41,1
DA:45,1
LF:24
LH:24
BRDA:7,0,0,0
BRDA:7,0,1,1
BRDA:21,1,0,110
BRDA:21,1,1,109
BRDA:31,2,0,1
BRDA:31,2,1,8
BRDA:31,3,0,9
BRDA:31,3,1,8
BRF:8
BRH:7
end_of_record
TN:
SF:src/use-cases/left-align.ts
FN:1,(anonymous_0)
FNF:1
FNH:1
FNDA:2,(anonymous_0)
DA:1,2
DA:4,2
DA:7,2
DA:9,2
DA:12,2
LF:5
LH:5
BRF:0
BRH:0
end_of_record
